[debug] > Exec(early(addDefaultCommands), None, None)
[debug] > Exec(addDefaultCommands, None, None)
[debug] > Exec(early(initialize), None, None)
[debug] > Exec(initialize, None, None)
[debug] > Exec(boot, None, None)
[debug] > Exec(writeSbtVersion, None, None)
[debug] > Exec(reload, None, None)
[debug] > Exec(sbtStashOnFailure, None, None)
[debug] > Exec(onFailure loadFailed, None, None)
[debug] > Exec(loadp, None, None)
[info] welcome to sbt 1.7.1 (Azul Systems, Inc. Java 17.0.3)
[debug] Load.defaultLoad until apply took 26.133875ms
[debug]                 Load.loadUnit: plugins took 24.1325ms
[debug]                 Load.loadUnit: defsScala took 0.100125ms
[debug] [Loading] Scanning directory /Users/me/school/epl/cw3/Assn3/project/project
[debug]                   Load.loadUnit: mkEval took 2.433542ms
[debug] [Loading] Found non-root projects 
[debug] [Loading] Done in /Users/me/school/epl/cw3/Assn3/project/project, returning: ()
[debug] deducing auto plugins based on known facts Set(Atom(sbt.plugins.CorePlugin)) and clauses Clauses(Clause(Atom(sbt.plugins.JvmPlugin),Set(Atom(sbt.plugins.IvyPlugin)))
[debug] Clause(Atom(sbt.ScriptedPlugin),Set(Atom(sbt.plugins.JvmPlugin)))
[debug] Clause(Atom(sbt.plugins.SbtPlugin),Set(Atom(sbt.ScriptedPlugin)))
[debug] Clause(Atom(sbt.plugins.SemanticdbPlugin),Set(Atom(sbt.plugins.JvmPlugin)))
[debug] Clause(Atom(sbt.plugins.JUnitXmlReportPlugin),Set(Atom(sbt.plugins.JvmPlugin)))
[debug] Clause(Atom(sbt.plugins.MiniDependencyTreePlugin),Set(Atom(sbt.plugins.JvmPlugin)))
[debug] Clause(Atom(sbt.plugins.CorePlugin),Set(Atom(sbt.plugins.IvyPlugin)))
[debug] Clause(Atom(sbt.plugins.IvyPlugin),Set(Atom(sbt.plugins.JvmPlugin)))
[debug] Clause(Atom(sbt.plugins.JvmPlugin),Set(Atom(sbt.plugins.SemanticdbPlugin)))
[debug] Clause(Atom(sbt.plugins.JvmPlugin),Set(Atom(sbt.plugins.JUnitXmlReportPlugin)))
[debug] Clause(Atom(sbt.plugins.CorePlugin),Set(Atom(sbt.plugins.Giter8TemplatePlugin)))
[debug] Clause(Atom(sbt.plugins.JvmPlugin),Set(Atom(sbt.plugins.MiniDependencyTreePlugin))))
[debug]   :: deduced result: Matched(sbt.plugins.CorePlugin,sbt.plugins.Giter8TemplatePlugin,sbt.plugins.IvyPlugin,sbt.plugins.JvmPlugin,sbt.plugins.MiniDependencyTreePlugin,sbt.plugins.JUnitXmlReportPlugin,sbt.plugins.SemanticdbPlugin)
[debug] Plugins.deducer#function took 5.480417 ms
[info] loading settings for project assn3-build-build from metals.sbt ...
[debug]                     Load.resolveProject(assn3-build-build) took 17.700833ms
[debug]                   Load.loadTransitive: finalizeProject(Project(id assn3-build-build, base: /Users/me/school/epl/cw3/Assn3/project/project, plugins: List(<none>))) took 31.647583ms
[debug] [Loading] Done in /Users/me/school/epl/cw3/Assn3/project/project, returning: (assn3-build-build)
[debug]                 Load.loadUnit: loadedProjectsRaw took 107.6455ms
[debug]                 Load.loadUnit: cleanEvalClasses took 1.810458ms
[debug]               Load.loadUnit(file:/Users/me/school/epl/cw3/Assn3/project/project/, ...) took 135.642791ms
[debug]             Load.apply: load took 251.983084ms
[debug]             Load.apply: resolveProjects took 1.722083ms
[debug]             Load.apply: finalTransforms took 22.33775ms
[debug]             Load.apply: config.delegates took 2.2805ms
[debug]             Load.apply: Def.make(settings)... took 146.612083ms
[debug]             Load.apply: structureIndex took 34.355166ms
[debug]             Load.apply: mkStreams took 0.571ms
[info] loading project definition from /Users/me/school/epl/cw3/Assn3/project/project
[debug] Running task... Cancel: Signal, check cycles: false, forcegc: true
[debug]           Load.loadUnit: plugins took 809.557959ms
[debug]           Load.loadUnit: defsScala took 0.001459ms
[debug] [Loading] Scanning directory /Users/me/school/epl/cw3/Assn3/project
[debug]             Load.loadUnit: mkEval took 0.102041ms
[debug] [Loading] Found non-root projects 
[debug] [Loading] Done in /Users/me/school/epl/cw3/Assn3/project, returning: ()
[debug] deducing auto plugins based on known facts Set(Atom(sbt.plugins.CorePlugin)) and clauses Clauses(Clause(Atom(sbt.plugins.JvmPlugin),Set(Atom(sbt.plugins.IvyPlugin)))
[debug] Clause(Atom(sbt.ScriptedPlugin),Set(Atom(sbt.plugins.JvmPlugin)))
[debug] Clause(Atom(sbt.plugins.SbtPlugin),Set(Atom(sbt.ScriptedPlugin)))
[debug] Clause(Atom(sbt.plugins.SemanticdbPlugin),Set(Atom(sbt.plugins.JvmPlugin)))
[debug] Clause(Atom(sbt.plugins.JUnitXmlReportPlugin),Set(Atom(sbt.plugins.JvmPlugin)))
[debug] Clause(Atom(sbt.plugins.MiniDependencyTreePlugin),Set(Atom(sbt.plugins.JvmPlugin)))
[debug] Clause(Atom(bloop.integrations.sbt.BloopPlugin),Set(Atom(sbt.plugins.JvmPlugin)))
[debug] Clause(Atom(sbt.plugins.CorePlugin),Set(Atom(sbt.plugins.IvyPlugin)))
[debug] Clause(Atom(sbt.plugins.IvyPlugin),Set(Atom(sbt.plugins.JvmPlugin)))
[debug] Clause(Atom(sbt.plugins.JvmPlugin),Set(Atom(sbt.plugins.SemanticdbPlugin)))
[debug] Clause(Atom(sbt.plugins.JvmPlugin),Set(Atom(sbt.plugins.JUnitXmlReportPlugin)))
[debug] Clause(Atom(sbt.plugins.CorePlugin),Set(Atom(sbt.plugins.Giter8TemplatePlugin)))
[debug] Clause(Atom(sbt.plugins.JvmPlugin),Set(Atom(sbt.plugins.MiniDependencyTreePlugin)))
[debug] Clause(Atom(sbt.plugins.JvmPlugin),Set(Atom(bloop.integrations.sbt.BloopPlugin))))
[debug]   :: deduced result: Matched(sbt.plugins.CorePlugin,sbt.plugins.Giter8TemplatePlugin,sbt.plugins.IvyPlugin,sbt.plugins.JvmPlugin,bloop.integrations.sbt.BloopPlugin,sbt.plugins.MiniDependencyTreePlugin,sbt.plugins.JUnitXmlReportPlugin,sbt.plugins.SemanticdbPlugin)
[debug] Plugins.deducer#function took 0.859083 ms
[info] loading settings for project assn3-build from metals.sbt ...
[debug]               Load.resolveProject(assn3-build) took 6.746125ms
[debug]             Load.loadTransitive: finalizeProject(Project(id assn3-build, base: /Users/me/school/epl/cw3/Assn3/project, plugins: List(<none>))) took 7.870208ms
[debug] [Loading] Done in /Users/me/school/epl/cw3/Assn3/project, returning: (assn3-build)
[debug]           Load.loadUnit: loadedProjectsRaw took 17.140666ms
[debug]           Load.loadUnit: cleanEvalClasses took 0.443834ms
[debug]         Load.loadUnit(file:/Users/me/school/epl/cw3/Assn3/project/, ...) took 827.530458ms
[debug]       Load.apply: load took 828.16075ms
[debug]       Load.apply: resolveProjects took 0.05675ms
[debug]       Load.apply: finalTransforms took 6.146041ms
[debug]       Load.apply: config.delegates took 0.173416ms
[debug]       Load.apply: Def.make(settings)... took 57.175667ms
[debug]       Load.apply: structureIndex took 13.005209ms
[debug]       Load.apply: mkStreams took 0.001625ms
[info] loading project definition from /Users/me/school/epl/cw3/Assn3/project
[debug] Evaluating tasks: bloopInstall
[debug] Running task... Cancel: Signal, check cycles: false, forcegc: true
[success] Generated .bloop/assn3-build.json
[success] Total time: 0 s, completed Nov 10, 2022, 2:59:11 PM
[debug] Running task... Cancel: Signal, check cycles: false, forcegc: true
[debug]     Load.loadUnit: plugins took 1206.157125ms
[debug]     Load.loadUnit: defsScala took 0.003708ms
[debug] [Loading] Scanning directory /Users/me/school/epl/cw3/Assn3
[debug]       Load.loadUnit: mkEval took 0.075875ms
[debug] [Loading] Found root project assignment3 w/ remaining 
[debug] deducing auto plugins based on known facts Set(Atom(sbt.plugins.CorePlugin)) and clauses Clauses(Clause(Atom(sbt.plugins.JvmPlugin),Set(Atom(sbt.plugins.IvyPlugin)))
[debug] Clause(Atom(sbt.ScriptedPlugin),Set(Atom(sbt.plugins.JvmPlugin)))
[debug] Clause(Atom(sbt.plugins.SbtPlugin),Set(Atom(sbt.ScriptedPlugin)))
[debug] Clause(Atom(sbt.plugins.SemanticdbPlugin),Set(Atom(sbt.plugins.JvmPlugin)))
[debug] Clause(Atom(sbt.plugins.JUnitXmlReportPlugin),Set(Atom(sbt.plugins.JvmPlugin)))
[debug] Clause(Atom(sbt.plugins.MiniDependencyTreePlugin),Set(Atom(sbt.plugins.JvmPlugin)))
[debug] Clause(Atom(bloop.integrations.sbt.BloopPlugin),Set(Atom(sbt.plugins.JvmPlugin)))
[debug] Clause(Atom(sbt.plugins.CorePlugin),Set(Atom(sbt.plugins.IvyPlugin)))
[debug] Clause(Atom(sbt.plugins.IvyPlugin),Set(Atom(sbt.plugins.JvmPlugin)))
[debug] Clause(Atom(sbt.plugins.JvmPlugin),Set(Atom(sbt.plugins.SemanticdbPlugin)))
[debug] Clause(Atom(sbt.plugins.JvmPlugin),Set(Atom(sbt.plugins.JUnitXmlReportPlugin)))
[debug] Clause(Atom(sbt.plugins.CorePlugin),Set(Atom(sbt.plugins.Giter8TemplatePlugin)))
[debug] Clause(Atom(sbt.plugins.JvmPlugin),Set(Atom(sbt.plugins.MiniDependencyTreePlugin)))
[debug] Clause(Atom(sbt.plugins.JvmPlugin),Set(Atom(bloop.integrations.sbt.BloopPlugin))))
[debug]   :: deduced result: Matched(sbt.plugins.CorePlugin,sbt.plugins.Giter8TemplatePlugin,sbt.plugins.IvyPlugin,sbt.plugins.JvmPlugin,bloop.integrations.sbt.BloopPlugin,sbt.plugins.MiniDependencyTreePlugin,sbt.plugins.JUnitXmlReportPlugin,sbt.plugins.SemanticdbPlugin)
[debug] Plugins.deducer#function took 0.827167 ms
[info] loading settings for project assignment3 from build.sbt ...
[debug]         Load.resolveProject(assignment3) took 6.70325ms
[debug]       Load.loadTransitive: finalizeProject(Project(id assignment3, base: /Users/me/school/epl/cw3/Assn3, plugins: List(<none>))) took 7.935792ms
[debug] [Loading] Done in /Users/me/school/epl/cw3/Assn3, returning: (assignment3)
[debug]     Load.loadUnit: loadedProjectsRaw took 26.341167ms
[debug]     Load.loadUnit: cleanEvalClasses took 0.812208ms
[debug]   Load.loadUnit(file:/Users/me/school/epl/cw3/Assn3/, ...) took 1233.772416ms
[debug] Load.apply: load took 1238.994875ms
[debug] Load.apply: resolveProjects took 0.0515ms
[debug] Load.apply: finalTransforms took 5.173334ms
[debug] Load.apply: config.delegates took 0.150792ms
[debug] Load.apply: Def.make(settings)... took 57.886834ms
[debug] Load.apply: structureIndex took 10.385167ms
[debug] Load.apply: mkStreams took 0.001625ms
[info] set current project to Assignment 3 (in build file:/Users/me/school/epl/cw3/Assn3/)
[debug] > Exec(sbtPopOnFailure, None, None)
[debug] > Exec(resumeFromFailure, None, None)
[debug] > Exec(notifyUsersAboutShell, None, None)
[debug] > Exec(iflast shell, None, None)
[debug] > Exec(package, None, None)
[debug] Evaluating tasks: Compile / package
[debug] Running task... Cancel: Signal, check cycles: false, forcegc: true
[info] compiling 1 Scala source to /Users/me/school/epl/cw3/Assn3/target/scala-2.11/classes ...
